<?xml version="1.0" encoding="UTF-8"?>
<!-- Generated by org.testng.reporters.JUnitXMLReporter -->
<testsuite ignored="0" hostname="DESKTOP-BPMLV0Q" failures="0" tests="4" name="Default test" time="55.821" errors="0" timestamp="2020-06-21T11:48:12 IST">
  <testcase classname="TestWebsite.TestBibaWebsite" name="testSignInPage" time="23.291"/>
  <testcase classname="TestWebsite.TestBibaWebsite" name="testSearchItem" time="6.304"/>
  <testcase classname="TestWebsite.TestBibaWebsite" name="testAddToCart" time="14.801"/>
  <testcase classname="TestWebsite.TestBibaWebsite" name="testLogOut" time="7.944"/>
</testsuite> <!-- Default test -->
